2025-05-02 16:00:31,846 [Worker-4: Loading available Gradle versions] INFO  o.e.b.c.i.u.g.PublishedGradleVersions - Gradle version information cache is not available. Remote download required.
2025-05-02 16:37:00,451 [Worker-24: Launching mavenrun-6c1db322-a53d-4551-b815-5c7153cc3ed4] INFO  o.eclipse.m2e.core.internal.Bundles - getClasspathEntries(Bundle=org.eclipse.m2e.maven.runtime_3.9.900.20250220-2013 [637])
2025-05-02 16:37:00,454 [Worker-24: Launching mavenrun-6c1db322-a53d-4551-b815-5c7153cc3ed4] INFO  o.eclipse.m2e.core.internal.Bundles - 	Entry: C:\Users\zainaby\.p2\pool\plugins\org.eclipse.m2e.maven.runtime_3.9.900.20250220-2013
2025-05-02 16:37:00,454 [Worker-24: Launching mavenrun-6c1db322-a53d-4551-b815-5c7153cc3ed4] INFO  o.eclipse.m2e.core.internal.Bundles - 	Entry: C:\Users\zainaby\.p2\pool\plugins\org.eclipse.m2e.maven.runtime_3.9.900.20250220-2013\jars\aopalliance-1.0.jar
2025-05-02 16:37:00,461 [Worker-24: Launching mavenrun-6c1db322-a53d-4551-b815-5c7153cc3ed4] INFO  o.eclipse.m2e.core.internal.Bundles - 	Entry: C:\Users\zainaby\.p2\pool\plugins\org.eclipse.m2e.maven.runtime_3.9.900.20250220-2013\jars\guice-5.1.0.jar
2025-05-02 16:37:00,461 [Worker-24: Launching mavenrun-6c1db322-a53d-4551-b815-5c7153cc3ed4] INFO  o.eclipse.m2e.core.internal.Bundles - 	Entry: C:\Users\zainaby\.p2\pool\plugins\org.eclipse.m2e.maven.runtime_3.9.900.20250220-2013\jars\httpclient-4.5.14.jar
2025-05-02 16:37:00,461 [Worker-24: Launching mavenrun-6c1db322-a53d-4551-b815-5c7153cc3ed4] INFO  o.eclipse.m2e.core.internal.Bundles - 	Entry: C:\Users\zainaby\.p2\pool\plugins\org.eclipse.m2e.maven.runtime_3.9.900.20250220-2013\jars\httpcore-4.4.16.jar
2025-05-02 16:37:00,461 [Worker-24: Launching mavenrun-6c1db322-a53d-4551-b815-5c7153cc3ed4] INFO  o.eclipse.m2e.core.internal.Bundles - 	Entry: C:\Users\zainaby\.p2\pool\plugins\org.eclipse.m2e.maven.runtime_3.9.900.20250220-2013\jars\jansi-2.4.1.jar
2025-05-02 16:37:00,461 [Worker-24: Launching mavenrun-6c1db322-a53d-4551-b815-5c7153cc3ed4] INFO  o.eclipse.m2e.core.internal.Bundles - 	Entry: C:\Users\zainaby\.p2\pool\plugins\org.eclipse.m2e.maven.runtime_3.9.900.20250220-2013\jars\jcl-over-slf4j-1.7.36.jar
2025-05-02 16:37:00,461 [Worker-24: Launching mavenrun-6c1db322-a53d-4551-b815-5c7153cc3ed4] INFO  o.eclipse.m2e.core.internal.Bundles - 	Entry: C:\Users\zainaby\.p2\pool\plugins\org.eclipse.m2e.maven.runtime_3.9.900.20250220-2013\jars\maven-artifact-3.9.9.jar
2025-05-02 16:37:00,461 [Worker-24: Launching mavenrun-6c1db322-a53d-4551-b815-5c7153cc3ed4] INFO  o.eclipse.m2e.core.internal.Bundles - 	Entry: C:\Users\zainaby\.p2\pool\plugins\org.eclipse.m2e.maven.runtime_3.9.900.20250220-2013\jars\maven-builder-support-3.9.9.jar
2025-05-02 16:37:00,462 [Worker-24: Launching mavenrun-6c1db322-a53d-4551-b815-5c7153cc3ed4] INFO  o.eclipse.m2e.core.internal.Bundles - 	Entry: C:\Users\zainaby\.p2\pool\plugins\org.eclipse.m2e.maven.runtime_3.9.900.20250220-2013\jars\maven-compat-3.9.9.jar
2025-05-02 16:37:00,462 [Worker-24: Launching mavenrun-6c1db322-a53d-4551-b815-5c7153cc3ed4] INFO  o.eclipse.m2e.core.internal.Bundles - 	Entry: C:\Users\zainaby\.p2\pool\plugins\org.eclipse.m2e.maven.runtime_3.9.900.20250220-2013\jars\maven-core-3.9.9.jar
2025-05-02 16:37:00,462 [Worker-24: Launching mavenrun-6c1db322-a53d-4551-b815-5c7153cc3ed4] INFO  o.eclipse.m2e.core.internal.Bundles - 	Entry: C:\Users\zainaby\.p2\pool\plugins\org.eclipse.m2e.maven.runtime_3.9.900.20250220-2013\jars\maven-embedder-3.9.9.jar
2025-05-02 16:37:00,462 [Worker-24: Launching mavenrun-6c1db322-a53d-4551-b815-5c7153cc3ed4] INFO  o.eclipse.m2e.core.internal.Bundles - 	Entry: C:\Users\zainaby\.p2\pool\plugins\org.eclipse.m2e.maven.runtime_3.9.900.20250220-2013\jars\maven-model-3.9.9.jar
2025-05-02 16:37:00,462 [Worker-24: Launching mavenrun-6c1db322-a53d-4551-b815-5c7153cc3ed4] INFO  o.eclipse.m2e.core.internal.Bundles - 	Entry: C:\Users\zainaby\.p2\pool\plugins\org.eclipse.m2e.maven.runtime_3.9.900.20250220-2013\jars\maven-model-builder-3.9.9.jar
2025-05-02 16:37:00,462 [Worker-24: Launching mavenrun-6c1db322-a53d-4551-b815-5c7153cc3ed4] INFO  o.eclipse.m2e.core.internal.Bundles - 	Entry: C:\Users\zainaby\.p2\pool\plugins\org.eclipse.m2e.maven.runtime_3.9.900.20250220-2013\jars\maven-plugin-api-3.9.9.jar
2025-05-02 16:37:00,462 [Worker-24: Launching mavenrun-6c1db322-a53d-4551-b815-5c7153cc3ed4] INFO  o.eclipse.m2e.core.internal.Bundles - 	Entry: C:\Users\zainaby\.p2\pool\plugins\org.eclipse.m2e.maven.runtime_3.9.900.20250220-2013\jars\maven-repository-metadata-3.9.9.jar
2025-05-02 16:37:00,462 [Worker-24: Launching mavenrun-6c1db322-a53d-4551-b815-5c7153cc3ed4] INFO  o.eclipse.m2e.core.internal.Bundles - 	Entry: C:\Users\zainaby\.p2\pool\plugins\org.eclipse.m2e.maven.runtime_3.9.900.20250220-2013\jars\maven-resolver-api-1.9.22.jar
2025-05-02 16:37:00,462 [Worker-24: Launching mavenrun-6c1db322-a53d-4551-b815-5c7153cc3ed4] INFO  o.eclipse.m2e.core.internal.Bundles - 	Entry: C:\Users\zainaby\.p2\pool\plugins\org.eclipse.m2e.maven.runtime_3.9.900.20250220-2013\jars\maven-resolver-connector-basic-1.9.22.jar
2025-05-02 16:37:00,462 [Worker-24: Launching mavenrun-6c1db322-a53d-4551-b815-5c7153cc3ed4] INFO  o.eclipse.m2e.core.internal.Bundles - 	Entry: C:\Users\zainaby\.p2\pool\plugins\org.eclipse.m2e.maven.runtime_3.9.900.20250220-2013\jars\maven-resolver-impl-1.9.22.jar
2025-05-02 16:37:00,463 [Worker-24: Launching mavenrun-6c1db322-a53d-4551-b815-5c7153cc3ed4] INFO  o.eclipse.m2e.core.internal.Bundles - 	Entry: C:\Users\zainaby\.p2\pool\plugins\org.eclipse.m2e.maven.runtime_3.9.900.20250220-2013\jars\maven-resolver-named-locks-1.9.22.jar
2025-05-02 16:37:00,463 [Worker-24: Launching mavenrun-6c1db322-a53d-4551-b815-5c7153cc3ed4] INFO  o.eclipse.m2e.core.internal.Bundles - 	Entry: C:\Users\zainaby\.p2\pool\plugins\org.eclipse.m2e.maven.runtime_3.9.900.20250220-2013\jars\maven-resolver-provider-3.9.9.jar
2025-05-02 16:37:00,463 [Worker-24: Launching mavenrun-6c1db322-a53d-4551-b815-5c7153cc3ed4] INFO  o.eclipse.m2e.core.internal.Bundles - 	Entry: C:\Users\zainaby\.p2\pool\plugins\org.eclipse.m2e.maven.runtime_3.9.900.20250220-2013\jars\maven-resolver-spi-1.9.22.jar
2025-05-02 16:37:00,463 [Worker-24: Launching mavenrun-6c1db322-a53d-4551-b815-5c7153cc3ed4] INFO  o.eclipse.m2e.core.internal.Bundles - 	Entry: C:\Users\zainaby\.p2\pool\plugins\org.eclipse.m2e.maven.runtime_3.9.900.20250220-2013\jars\maven-resolver-transport-file-1.9.22.jar
2025-05-02 16:37:00,463 [Worker-24: Launching mavenrun-6c1db322-a53d-4551-b815-5c7153cc3ed4] INFO  o.eclipse.m2e.core.internal.Bundles - 	Entry: C:\Users\zainaby\.p2\pool\plugins\org.eclipse.m2e.maven.runtime_3.9.900.20250220-2013\jars\maven-resolver-transport-http-1.9.22.jar
2025-05-02 16:37:00,463 [Worker-24: Launching mavenrun-6c1db322-a53d-4551-b815-5c7153cc3ed4] INFO  o.eclipse.m2e.core.internal.Bundles - 	Entry: C:\Users\zainaby\.p2\pool\plugins\org.eclipse.m2e.maven.runtime_3.9.900.20250220-2013\jars\maven-resolver-transport-wagon-1.9.22.jar
2025-05-02 16:37:00,463 [Worker-24: Launching mavenrun-6c1db322-a53d-4551-b815-5c7153cc3ed4] INFO  o.eclipse.m2e.core.internal.Bundles - 	Entry: C:\Users\zainaby\.p2\pool\plugins\org.eclipse.m2e.maven.runtime_3.9.900.20250220-2013\jars\maven-resolver-util-1.9.22.jar
2025-05-02 16:37:00,463 [Worker-24: Launching mavenrun-6c1db322-a53d-4551-b815-5c7153cc3ed4] INFO  o.eclipse.m2e.core.internal.Bundles - 	Entry: C:\Users\zainaby\.p2\pool\plugins\org.eclipse.m2e.maven.runtime_3.9.900.20250220-2013\jars\maven-settings-3.9.9.jar
2025-05-02 16:37:00,464 [Worker-24: Launching mavenrun-6c1db322-a53d-4551-b815-5c7153cc3ed4] INFO  o.eclipse.m2e.core.internal.Bundles - 	Entry: C:\Users\zainaby\.p2\pool\plugins\org.eclipse.m2e.maven.runtime_3.9.900.20250220-2013\jars\maven-settings-builder-3.9.9.jar
2025-05-02 16:37:00,464 [Worker-24: Launching mavenrun-6c1db322-a53d-4551-b815-5c7153cc3ed4] INFO  o.eclipse.m2e.core.internal.Bundles - 	Entry: C:\Users\zainaby\.p2\pool\plugins\org.eclipse.m2e.maven.runtime_3.9.900.20250220-2013\jars\maven-shared-utils-3.4.2.jar
2025-05-02 16:37:00,464 [Worker-24: Launching mavenrun-6c1db322-a53d-4551-b815-5c7153cc3ed4] INFO  o.eclipse.m2e.core.internal.Bundles - 	Entry: C:\Users\zainaby\.p2\pool\plugins\org.eclipse.m2e.maven.runtime_3.9.900.20250220-2013\jars\org.eclipse.sisu.inject-0.9.0.M3.jar
2025-05-02 16:37:00,464 [Worker-24: Launching mavenrun-6c1db322-a53d-4551-b815-5c7153cc3ed4] INFO  o.eclipse.m2e.core.internal.Bundles - 	Entry: C:\Users\zainaby\.p2\pool\plugins\org.eclipse.m2e.maven.runtime_3.9.900.20250220-2013\jars\org.eclipse.sisu.plexus-0.9.0.M3.jar
2025-05-02 16:37:00,464 [Worker-24: Launching mavenrun-6c1db322-a53d-4551-b815-5c7153cc3ed4] INFO  o.eclipse.m2e.core.internal.Bundles - 	Entry: C:\Users\zainaby\.p2\pool\plugins\org.eclipse.m2e.maven.runtime_3.9.900.20250220-2013\jars\plexus-build-api-0.0.7.jar
2025-05-02 16:37:00,464 [Worker-24: Launching mavenrun-6c1db322-a53d-4551-b815-5c7153cc3ed4] INFO  o.eclipse.m2e.core.internal.Bundles - 	Entry: C:\Users\zainaby\.p2\pool\plugins\org.eclipse.m2e.maven.runtime_3.9.900.20250220-2013\jars\plexus-build-api-1.2.0.jar
2025-05-02 16:37:00,464 [Worker-24: Launching mavenrun-6c1db322-a53d-4551-b815-5c7153cc3ed4] INFO  o.eclipse.m2e.core.internal.Bundles - 	Entry: C:\Users\zainaby\.p2\pool\plugins\org.eclipse.m2e.maven.runtime_3.9.900.20250220-2013\jars\plexus-cipher-2.0.jar
2025-05-02 16:37:00,464 [Worker-24: Launching mavenrun-6c1db322-a53d-4551-b815-5c7153cc3ed4] INFO  o.eclipse.m2e.core.internal.Bundles - 	Entry: C:\Users\zainaby\.p2\pool\plugins\org.eclipse.m2e.maven.runtime_3.9.900.20250220-2013\jars\plexus-classworlds-2.8.0.jar
2025-05-02 16:37:00,464 [Worker-24: Launching mavenrun-6c1db322-a53d-4551-b815-5c7153cc3ed4] INFO  o.eclipse.m2e.core.internal.Bundles - 	Entry: C:\Users\zainaby\.p2\pool\plugins\org.eclipse.m2e.maven.runtime_3.9.900.20250220-2013\jars\plexus-component-annotations-2.1.0.jar
2025-05-02 16:37:00,465 [Worker-24: Launching mavenrun-6c1db322-a53d-4551-b815-5c7153cc3ed4] INFO  o.eclipse.m2e.core.internal.Bundles - 	Entry: C:\Users\zainaby\.p2\pool\plugins\org.eclipse.m2e.maven.runtime_3.9.900.20250220-2013\jars\plexus-interpolation-1.27.jar
2025-05-02 16:37:00,465 [Worker-24: Launching mavenrun-6c1db322-a53d-4551-b815-5c7153cc3ed4] INFO  o.eclipse.m2e.core.internal.Bundles - 	Entry: C:\Users\zainaby\.p2\pool\plugins\org.eclipse.m2e.maven.runtime_3.9.900.20250220-2013\jars\plexus-sec-dispatcher-2.0.jar
2025-05-02 16:37:00,465 [Worker-24: Launching mavenrun-6c1db322-a53d-4551-b815-5c7153cc3ed4] INFO  o.eclipse.m2e.core.internal.Bundles - 	Entry: C:\Users\zainaby\.p2\pool\plugins\org.eclipse.m2e.maven.runtime_3.9.900.20250220-2013\jars\plexus-utils-3.5.1.jar
2025-05-02 16:37:00,465 [Worker-24: Launching mavenrun-6c1db322-a53d-4551-b815-5c7153cc3ed4] INFO  o.eclipse.m2e.core.internal.Bundles - 	Entry: C:\Users\zainaby\.p2\pool\plugins\org.eclipse.m2e.maven.runtime_3.9.900.20250220-2013\jars\plexus-xml-3.0.1.jar
2025-05-02 16:37:00,465 [Worker-24: Launching mavenrun-6c1db322-a53d-4551-b815-5c7153cc3ed4] INFO  o.eclipse.m2e.core.internal.Bundles - 	Entry: C:\Users\zainaby\.p2\pool\plugins\org.eclipse.m2e.maven.runtime_3.9.900.20250220-2013\jars\wagon-file-3.5.3.jar
2025-05-02 16:37:00,465 [Worker-24: Launching mavenrun-6c1db322-a53d-4551-b815-5c7153cc3ed4] INFO  o.eclipse.m2e.core.internal.Bundles - 	Entry: C:\Users\zainaby\.p2\pool\plugins\org.eclipse.m2e.maven.runtime_3.9.900.20250220-2013\jars\wagon-http-3.5.3.jar
2025-05-02 16:37:00,465 [Worker-24: Launching mavenrun-6c1db322-a53d-4551-b815-5c7153cc3ed4] INFO  o.eclipse.m2e.core.internal.Bundles - 	Entry: C:\Users\zainaby\.p2\pool\plugins\org.eclipse.m2e.maven.runtime_3.9.900.20250220-2013\jars\wagon-http-shared-3.5.3.jar
2025-05-02 16:37:00,465 [Worker-24: Launching mavenrun-6c1db322-a53d-4551-b815-5c7153cc3ed4] INFO  o.eclipse.m2e.core.internal.Bundles - 	Entry: C:\Users\zainaby\.p2\pool\plugins\org.eclipse.m2e.maven.runtime_3.9.900.20250220-2013\jars\wagon-provider-api-3.5.3.jar
2025-05-02 16:37:00,467 [Worker-24: Launching mavenrun-6c1db322-a53d-4551-b815-5c7153cc3ed4] INFO  o.eclipse.m2e.core.internal.Bundles - getClasspathEntries(Bundle=com.google.guava_33.4.0.jre [16])
2025-05-02 16:37:00,467 [Worker-24: Launching mavenrun-6c1db322-a53d-4551-b815-5c7153cc3ed4] INFO  o.eclipse.m2e.core.internal.Bundles - 	Entry: C:\Users\zainaby\.p2\pool\plugins\com.google.guava_33.4.0.jre.jar
2025-05-02 16:37:00,467 [Worker-24: Launching mavenrun-6c1db322-a53d-4551-b815-5c7153cc3ed4] INFO  o.eclipse.m2e.core.internal.Bundles - getClasspathEntries(Bundle=slf4j.api_2.0.17 [1238])
2025-05-02 16:37:00,467 [Worker-24: Launching mavenrun-6c1db322-a53d-4551-b815-5c7153cc3ed4] INFO  o.eclipse.m2e.core.internal.Bundles - 	Entry: C:\Users\zainaby\.p2\pool\plugins\slf4j.api_2.0.17.jar
2025-05-02 16:37:00,467 [Worker-24: Launching mavenrun-6c1db322-a53d-4551-b815-5c7153cc3ed4] INFO  o.eclipse.m2e.core.internal.Bundles - getClasspathEntries(Bundle=javax.inject_1.0.0.v20220405-0441 [1013])
2025-05-02 16:37:00,467 [Worker-24: Launching mavenrun-6c1db322-a53d-4551-b815-5c7153cc3ed4] INFO  o.eclipse.m2e.core.internal.Bundles - 	Entry: C:\Users\zainaby\.p2\pool\plugins\javax.inject_1.0.0.v20220405-0441.jar
2025-05-02 16:37:00,468 [Worker-24: Launching mavenrun-6c1db322-a53d-4551-b815-5c7153cc3ed4] INFO  o.eclipse.m2e.core.internal.Bundles - getClasspathEntries(Bundle=javax.annotation_1.3.5.v20230504-0748 [1012])
2025-05-02 16:37:00,468 [Worker-24: Launching mavenrun-6c1db322-a53d-4551-b815-5c7153cc3ed4] INFO  o.eclipse.m2e.core.internal.Bundles - 	Entry: C:\Users\zainaby\.p2\pool\plugins\javax.annotation_1.3.5.v20230504-0748.jar
2025-05-02 16:37:00,468 [Worker-24: Launching mavenrun-6c1db322-a53d-4551-b815-5c7153cc3ed4] INFO  o.eclipse.m2e.core.internal.Bundles - getClasspathEntries(Bundle=org.apache.commons.cli_1.9.0 [74])
2025-05-02 16:37:00,468 [Worker-24: Launching mavenrun-6c1db322-a53d-4551-b815-5c7153cc3ed4] INFO  o.eclipse.m2e.core.internal.Bundles - 	Entry: C:\Users\zainaby\.p2\pool\plugins\org.apache.commons.cli_1.9.0.jar
2025-05-02 16:37:00,468 [Worker-24: Launching mavenrun-6c1db322-a53d-4551-b815-5c7153cc3ed4] INFO  o.eclipse.m2e.core.internal.Bundles - getClasspathEntries(Bundle=org.apache.commons.commons-codec_1.16.0 [76])
2025-05-02 16:37:00,468 [Worker-24: Launching mavenrun-6c1db322-a53d-4551-b815-5c7153cc3ed4] INFO  o.eclipse.m2e.core.internal.Bundles - 	Entry: C:\Users\zainaby\.p2\pool\plugins\org.apache.commons.commons-codec_1.16.0.jar
2025-05-02 16:37:00,468 [Worker-24: Launching mavenrun-6c1db322-a53d-4551-b815-5c7153cc3ed4] INFO  o.eclipse.m2e.core.internal.Bundles - getClasspathEntries(Bundle=com.google.guava.failureaccess_1.0.2 [17])
2025-05-02 16:37:00,468 [Worker-24: Launching mavenrun-6c1db322-a53d-4551-b815-5c7153cc3ed4] INFO  o.eclipse.m2e.core.internal.Bundles - 	Entry: C:\Users\zainaby\.p2\pool\plugins\com.google.guava.failureaccess_1.0.2.jar
2025-05-02 16:37:00,471 [Worker-24: Launching mavenrun-6c1db322-a53d-4551-b815-5c7153cc3ed4] INFO  o.e.m.i.launch.MavenLaunchDelegate - Run build in "C:\Users\zainaby\AppData\Local\Temp\m2e-archetypeGenerator11951931003905361413":
2025-05-02 16:37:00,474 [Worker-24: Launching mavenrun-6c1db322-a53d-4551-b815-5c7153cc3ed4] INFO  o.e.m.i.launch.MavenLaunchDelegate -  mvn  -DarchetypeGroupId=org.glassfish.jersey.archetypes -DarchetypeArtifactId=jersey-quickstart-webapp -DarchetypeVersion=4.0.0-M2 -DgroupId=com.hexaware.cars -DartifactId=cars -Dversion=0.0.1-SNAPSHOT -Dpackage=com.hexaware.cars.cars -DoutputDirectory=C:\javatraining\crime -B -Dstyle.color=always -U archetype:generate
2025-05-02 16:37:33,146 [Worker-25: Creating jersey-quickstart-webapp] INFO  o.e.m.c.i.p.ProjectConfigurationManager - Collecting project info '/pom.xml' C:\javatraining\crime\cars\pom.xml
2025-05-02 16:37:34,424 [Worker-25: Creating jersey-quickstart-webapp] INFO  o.e.m.c.i.l.LifecycleMappingFactory - Using org.maven.ide.eclipse.wtp.WarLifecycleMapping lifecycle mapping for MavenProject: com.hexaware.cars:cars:0.0.1-SNAPSHOT @ C:\javatraining\crime\cars\pom.xml.
2025-05-02 16:37:35,568 [Worker-25: Creating jersey-quickstart-webapp] INFO  o.e.m.j.i.AbstractJavaProjectConfigurator - Adding source folder /cars/src/main/java
2025-05-02 16:37:35,570 [Worker-25: Creating jersey-quickstart-webapp] INFO  o.e.m.j.i.AbstractJavaProjectConfigurator - Adding resource folder /cars/src/main/resources
2025-05-02 16:37:35,574 [Worker-25: Creating jersey-quickstart-webapp] INFO  o.e.m.j.i.AbstractJavaProjectConfigurator - Adding source folder /cars/src/test/java
2025-05-02 16:37:35,575 [Worker-25: Creating jersey-quickstart-webapp] INFO  o.e.m.j.i.AbstractJavaProjectConfigurator - Adding resource folder /cars/src/test/resources
2025-05-02 16:37:37,654 [Worker-25: Creating jersey-quickstart-webapp] INFO  o.e.m.c.i.p.ProjectConfigurationManager - Imported and configured 1 project(s) in 4 sec
2025-05-02 16:37:38,307 [Worker-17: Building] INFO  o.a.m.s.f.DefaultMavenResourcesFiltering - skip non existing resourceDirectory C:\javatraining\crime\cars\src\main\resources
2025-05-02 16:37:38,312 [Worker-17: Building] INFO  o.a.m.s.f.DefaultMavenResourcesFiltering - skip non existing resourceDirectory C:\javatraining\crime\cars\src\test\resources
2025-05-02 16:46:26,962 [Worker-29: Building] INFO  o.a.m.s.f.DefaultMavenResourcesFiltering - Copying 1 resource from src\main\resources to target\classes
2025-05-02 16:46:26,962 [Worker-29: Building] INFO  o.a.m.s.f.DefaultMavenResourcesFiltering - skip non existing resourceDirectory C:\javatraining\crime\cars\src\test\resources
2025-05-02 16:47:14,561 [Worker-29: Building] INFO  o.a.m.s.f.DefaultMavenResourcesFiltering - Copying 0 resource from src\main\resources to target\classes
2025-05-02 16:47:14,564 [Worker-29: Building] INFO  o.a.m.s.f.DefaultMavenResourcesFiltering - skip non existing resourceDirectory C:\javatraining\crime\cars\src\test\resources
2025-05-02 16:47:33,825 [Worker-29: Building] INFO  o.a.m.s.f.DefaultMavenResourcesFiltering - Copying 1 resource from src\main\resources to target\classes
2025-05-02 16:47:33,829 [Worker-29: Building] INFO  o.a.m.s.f.DefaultMavenResourcesFiltering - skip non existing resourceDirectory C:\javatraining\crime\cars\src\test\resources
2025-05-02 16:55:06,031 [Worker-32: Building] INFO  o.a.m.s.f.DefaultMavenResourcesFiltering - Copying 1 resource from src\main\resources to target\classes
2025-05-02 16:55:06,031 [Worker-32: Building] INFO  o.a.m.s.f.DefaultMavenResourcesFiltering - skip non existing resourceDirectory C:\javatraining\crime\cars\src\test\resources
2025-05-02 16:56:09,846 [Worker-34: Building] INFO  o.e.m.c.i.l.LifecycleMappingFactory - Using org.maven.ide.eclipse.wtp.WarLifecycleMapping lifecycle mapping for MavenProject: com.hexaware.cars:cars:0.0.1-SNAPSHOT @ C:\javatraining\crime\cars\pom.xml.
2025-05-02 16:56:09,975 [Worker-34: Building] INFO  o.e.m.c.i.e.AbstractTransferListenerAdapter - Downloading https://repo.maven.apache.org/maven2/mysql/mysql-connector-java/8.0.26/mysql-connector-java-8.0.26.pom
2025-05-02 16:56:09,985 [Worker-34: Building] INFO  o.e.m.c.i.e.AbstractTransferListenerAdapter - Downloaded https://repo.maven.apache.org/maven2/mysql/mysql-connector-java/8.0.26/mysql-connector-java-8.0.26.pom
2025-05-02 16:56:10,006 [Worker-34: Building] INFO  o.e.m.c.i.e.AbstractTransferListenerAdapter - Downloading https://repo.maven.apache.org/maven2/com/google/protobuf/protobuf-java/3.11.4/protobuf-java-3.11.4.pom
2025-05-02 16:56:10,011 [Worker-34: Building] INFO  o.e.m.c.i.e.AbstractTransferListenerAdapter - Downloaded https://repo.maven.apache.org/maven2/com/google/protobuf/protobuf-java/3.11.4/protobuf-java-3.11.4.pom
2025-05-02 16:56:10,028 [Worker-34: Building] INFO  o.e.m.c.i.e.AbstractTransferListenerAdapter - Downloading https://repo.maven.apache.org/maven2/com/google/protobuf/protobuf-parent/3.11.4/protobuf-parent-3.11.4.pom
2025-05-02 16:56:10,035 [Worker-34: Building] INFO  o.e.m.c.i.e.AbstractTransferListenerAdapter - Downloaded https://repo.maven.apache.org/maven2/com/google/protobuf/protobuf-parent/3.11.4/protobuf-parent-3.11.4.pom
2025-05-02 16:56:10,053 [Worker-34: Building] INFO  o.e.m.c.i.e.AbstractTransferListenerAdapter - Downloading https://repo.maven.apache.org/maven2/com/google/protobuf/protobuf-bom/3.11.4/protobuf-bom-3.11.4.pom
2025-05-02 16:56:10,057 [Worker-34: Building] INFO  o.e.m.c.i.e.AbstractTransferListenerAdapter - Downloaded https://repo.maven.apache.org/maven2/com/google/protobuf/protobuf-bom/3.11.4/protobuf-bom-3.11.4.pom
2025-05-02 16:56:10,163 [Worker-34: Building] INFO  o.e.m.c.i.e.AbstractTransferListenerAdapter - Downloading https://repo.maven.apache.org/maven2/mysql/mysql-connector-java/8.0.26/mysql-connector-java-8.0.26.jar
2025-05-02 16:56:10,261 [Worker-34: Building] INFO  o.e.m.c.i.e.AbstractTransferListenerAdapter - Downloaded https://repo.maven.apache.org/maven2/mysql/mysql-connector-java/8.0.26/mysql-connector-java-8.0.26.jar
2025-05-02 16:56:10,283 [BasicRepositoryConnector-repo.maven.apache.org-0-0] INFO  o.e.m.c.i.e.AbstractTransferListenerAdapter - Downloading https://repo.maven.apache.org/maven2/com/google/protobuf/protobuf-java/3.11.4/protobuf-java-3.11.4.jar
2025-05-02 16:56:10,339 [BasicRepositoryConnector-repo.maven.apache.org-0-0] INFO  o.e.m.c.i.e.AbstractTransferListenerAdapter - Downloaded https://repo.maven.apache.org/maven2/com/google/protobuf/protobuf-java/3.11.4/protobuf-java-3.11.4.jar
2025-05-02 16:56:10,945 [Worker-34: Building] INFO  o.a.m.s.f.DefaultMavenResourcesFiltering - Copying 0 resource from src\main\resources to target\classes
2025-05-02 16:56:10,948 [Worker-34: Building] INFO  o.a.m.s.f.DefaultMavenResourcesFiltering - skip non existing resourceDirectory C:\javatraining\crime\cars\src\test\resources
2025-05-02 16:56:10,948 [Worker-34: Building] INFO  o.e.m.w.i.f.ResourceFilteringBuildParticipant - Changed resources require a complete clean of filtered resources of cars
2025-05-02 16:56:10,949 [Worker-34: Building] INFO  o.e.m.w.i.f.ResourceFilteringBuildParticipant - Executing resource filtering for cars
2025-05-02 16:56:11,861 [Worker-36: Download sources and javadoc] INFO  o.e.m.c.i.e.AbstractTransferListenerAdapter - Downloading https://repo.maven.apache.org/maven2/mysql/mysql-connector-java/8.0.26/mysql-connector-java-8.0.26-sources.jar
2025-05-02 16:56:11,939 [Worker-36: Download sources and javadoc] INFO  o.e.m.c.i.e.AbstractTransferListenerAdapter - Downloaded https://repo.maven.apache.org/maven2/mysql/mysql-connector-java/8.0.26/mysql-connector-java-8.0.26-sources.jar
2025-05-02 16:56:11,941 [Worker-36: Download sources and javadoc] INFO  o.e.m.j.internal.DownloadSourcesJob - Downloaded sources for mysql:mysql-connector-java:8.0.26
2025-05-02 16:56:11,979 [Worker-36: Download sources and javadoc] INFO  o.e.m.c.i.e.AbstractTransferListenerAdapter - Downloading https://repo.maven.apache.org/maven2/com/google/protobuf/protobuf-java/3.11.4/protobuf-java-3.11.4-sources.jar
2025-05-02 16:56:12,041 [Worker-36: Download sources and javadoc] INFO  o.e.m.c.i.e.AbstractTransferListenerAdapter - Downloaded https://repo.maven.apache.org/maven2/com/google/protobuf/protobuf-java/3.11.4/protobuf-java-3.11.4-sources.jar
2025-05-02 16:56:12,044 [Worker-36: Download sources and javadoc] INFO  o.e.m.j.internal.DownloadSourcesJob - Downloaded sources for com.google.protobuf:protobuf-java:3.11.4
2025-05-02 16:56:12,044 [Worker-33: Building] INFO  o.a.m.s.f.DefaultMavenResourcesFiltering - Copying 1 resource from src\main\resources to target\classes
2025-05-02 16:56:12,051 [Worker-33: Building] INFO  o.a.m.s.f.DefaultMavenResourcesFiltering - skip non existing resourceDirectory C:\javatraining\crime\cars\src\test\resources
2025-05-02 16:58:16,120 [Worker-35: Building] ERROR o.e.m.c.i.p.r.ProjectRegistryManager - Could not read pom.xml
org.eclipse.core.runtime.CoreException: Could not read pom.xml
	at org.eclipse.m2e.core.internal.IMavenToolbox.readModel(IMavenToolbox.java:245)
	at org.eclipse.m2e.core.internal.project.registry.ProjectRegistryManager.refreshPhase2(ProjectRegistryManager.java:591)
	at org.eclipse.m2e.core.internal.project.registry.ProjectRegistryManager.refresh(ProjectRegistryManager.java:491)
	at org.eclipse.m2e.core.internal.project.registry.ProjectRegistryManager.refresh(ProjectRegistryManager.java:370)
	at org.eclipse.m2e.core.internal.project.registry.ProjectRegistryManager.refresh(ProjectRegistryManager.java:322)
	at org.eclipse.m2e.core.internal.builder.MavenBuilder$BuildMethod.getProjectFacade(MavenBuilder.java:146)
	at org.eclipse.m2e.core.internal.builder.MavenBuilder$BuildMethod.lambda$0(MavenBuilder.java:84)
	at org.eclipse.m2e.core.internal.embedder.MavenExecutionContext.executeBare(MavenExecutionContext.java:458)
	at org.eclipse.m2e.core.internal.embedder.MavenExecutionContext.execute(MavenExecutionContext.java:339)
	at org.eclipse.m2e.core.internal.embedder.MavenExecutionContext.execute(MavenExecutionContext.java:278)
	at org.eclipse.m2e.core.internal.builder.MavenBuilder$BuildMethod.execute(MavenBuilder.java:83)
	at org.eclipse.m2e.core.internal.builder.MavenBuilder.build(MavenBuilder.java:192)
	at org.eclipse.core.internal.events.BuildManager$2.run(BuildManager.java:1077)
	at org.eclipse.core.runtime.SafeRunner.run(SafeRunner.java:47)
	at org.eclipse.core.internal.events.BuildManager.basicBuild(BuildManager.java:296)
	at org.eclipse.core.internal.events.BuildManager.basicBuild(BuildManager.java:352)
	at org.eclipse.core.internal.events.BuildManager$1.run(BuildManager.java:441)
	at org.eclipse.core.runtime.SafeRunner.run(SafeRunner.java:47)
	at org.eclipse.core.internal.events.BuildManager.basicBuild(BuildManager.java:444)
	at org.eclipse.core.internal.events.BuildManager.basicBuildLoop(BuildManager.java:555)
	at org.eclipse.core.internal.events.BuildManager.basicBuildLoop(BuildManager.java:503)
	at org.eclipse.core.internal.events.BuildManager.build(BuildManager.java:585)
	at org.eclipse.core.internal.events.AutoBuildJob.doBuild(AutoBuildJob.java:207)
	at org.eclipse.core.internal.events.AutoBuildJob.run(AutoBuildJob.java:300)
	at org.eclipse.core.internal.jobs.Worker.run(Worker.java:63)
Caused by: org.apache.maven.model.io.ModelParseException: expected name start and not > (position: TEXT seen ...</dependency>\r\n</>... @66:4) 
	at org.apache.maven.model.io.DefaultModelReader.read(DefaultModelReader.java:96)
	at org.apache.maven.model.io.DefaultModelReader.read(DefaultModelReader.java:74)
	at org.eclipse.m2e.core.internal.IMavenToolbox.readModel(IMavenToolbox.java:243)
	... 24 common frames omitted
Caused by: org.codehaus.plexus.util.xml.pull.XmlPullParserException: expected name start and not > (position: TEXT seen ...</dependency>\r\n</>... @66:4) 
	at org.codehaus.plexus.util.xml.pull.MXParser.parseEndTag(MXParser.java:2125)
	at org.codehaus.plexus.util.xml.pull.MXParser.nextImpl(MXParser.java:1418)
	at org.codehaus.plexus.util.xml.pull.MXParser.next(MXParser.java:1375)
	at org.codehaus.plexus.util.xml.pull.MXParser.nextTag(MXParser.java:1360)
	at org.apache.maven.model.io.xpp3.MavenXpp3Reader.parseModel(MavenXpp3Reader.java:2317)
	at org.apache.maven.model.io.xpp3.MavenXpp3Reader.read(MavenXpp3Reader.java:623)
	at org.apache.maven.model.io.xpp3.MavenXpp3Reader.read(MavenXpp3Reader.java:654)
	at org.apache.maven.model.io.DefaultModelReader.read(DefaultModelReader.java:93)
	... 26 common frames omitted
2025-05-02 16:58:17,350 [Worker-34: Building] ERROR o.e.m.c.i.p.r.ProjectRegistryManager - Could not read pom.xml
org.eclipse.core.runtime.CoreException: Could not read pom.xml
	at org.eclipse.m2e.core.internal.IMavenToolbox.readModel(IMavenToolbox.java:245)
	at org.eclipse.m2e.core.internal.project.registry.ProjectRegistryManager.refreshPhase2(ProjectRegistryManager.java:591)
	at org.eclipse.m2e.core.internal.project.registry.ProjectRegistryManager.refresh(ProjectRegistryManager.java:491)
	at org.eclipse.m2e.core.internal.project.registry.ProjectRegistryManager.refresh(ProjectRegistryManager.java:370)
	at org.eclipse.m2e.core.internal.project.registry.ProjectRegistryManager.refresh(ProjectRegistryManager.java:322)
	at org.eclipse.m2e.core.internal.builder.MavenBuilder$BuildMethod.getProjectFacade(MavenBuilder.java:146)
	at org.eclipse.m2e.core.internal.builder.MavenBuilder$BuildMethod.lambda$0(MavenBuilder.java:84)
	at org.eclipse.m2e.core.internal.embedder.MavenExecutionContext.executeBare(MavenExecutionContext.java:458)
	at org.eclipse.m2e.core.internal.embedder.MavenExecutionContext.execute(MavenExecutionContext.java:339)
	at org.eclipse.m2e.core.internal.embedder.MavenExecutionContext.execute(MavenExecutionContext.java:278)
	at org.eclipse.m2e.core.internal.builder.MavenBuilder$BuildMethod.execute(MavenBuilder.java:83)
	at org.eclipse.m2e.core.internal.builder.MavenBuilder.build(MavenBuilder.java:192)
	at org.eclipse.core.internal.events.BuildManager$2.run(BuildManager.java:1077)
	at org.eclipse.core.runtime.SafeRunner.run(SafeRunner.java:47)
	at org.eclipse.core.internal.events.BuildManager.basicBuild(BuildManager.java:296)
	at org.eclipse.core.internal.events.BuildManager.basicBuild(BuildManager.java:352)
	at org.eclipse.core.internal.events.BuildManager$1.run(BuildManager.java:441)
	at org.eclipse.core.runtime.SafeRunner.run(SafeRunner.java:47)
	at org.eclipse.core.internal.events.BuildManager.basicBuild(BuildManager.java:444)
	at org.eclipse.core.internal.events.BuildManager.basicBuildLoop(BuildManager.java:555)
	at org.eclipse.core.internal.events.BuildManager.basicBuildLoop(BuildManager.java:503)
	at org.eclipse.core.internal.events.BuildManager.build(BuildManager.java:585)
	at org.eclipse.core.internal.events.AutoBuildJob.doBuild(AutoBuildJob.java:207)
	at org.eclipse.core.internal.events.AutoBuildJob.run(AutoBuildJob.java:300)
	at org.eclipse.core.internal.jobs.Worker.run(Worker.java:63)
Caused by: org.apache.maven.model.io.ModelParseException: expected name start and not > (position: TEXT seen ...</dependency>\r\n</>... @66:4) 
	at org.apache.maven.model.io.DefaultModelReader.read(DefaultModelReader.java:96)
	at org.apache.maven.model.io.DefaultModelReader.read(DefaultModelReader.java:74)
	at org.eclipse.m2e.core.internal.IMavenToolbox.readModel(IMavenToolbox.java:243)
	... 24 common frames omitted
Caused by: org.codehaus.plexus.util.xml.pull.XmlPullParserException: expected name start and not > (position: TEXT seen ...</dependency>\r\n</>... @66:4) 
	at org.codehaus.plexus.util.xml.pull.MXParser.parseEndTag(MXParser.java:2125)
	at org.codehaus.plexus.util.xml.pull.MXParser.nextImpl(MXParser.java:1418)
	at org.codehaus.plexus.util.xml.pull.MXParser.next(MXParser.java:1375)
	at org.codehaus.plexus.util.xml.pull.MXParser.nextTag(MXParser.java:1360)
	at org.apache.maven.model.io.xpp3.MavenXpp3Reader.parseModel(MavenXpp3Reader.java:2317)
	at org.apache.maven.model.io.xpp3.MavenXpp3Reader.read(MavenXpp3Reader.java:623)
	at org.apache.maven.model.io.xpp3.MavenXpp3Reader.read(MavenXpp3Reader.java:654)
	at org.apache.maven.model.io.DefaultModelReader.read(DefaultModelReader.java:93)
	... 26 common frames omitted
2025-05-02 16:58:24,249 [Worker-38: reload maven project] INFO  o.e.m.c.i.e.AbstractTransferListenerAdapter - Downloading https://repo.maven.apache.org/maven2/org/junit/jupiter/junit-jupiter-api/5.7.2/junit-jupiter-api-5.7.2.pom
2025-05-02 16:58:24,258 [Worker-38: reload maven project] INFO  o.e.m.c.i.e.AbstractTransferListenerAdapter - Downloaded https://repo.maven.apache.org/maven2/org/junit/jupiter/junit-jupiter-api/5.7.2/junit-jupiter-api-5.7.2.pom
2025-05-02 16:58:24,275 [Worker-38: reload maven project] INFO  o.e.m.c.i.e.AbstractTransferListenerAdapter - Downloading https://repo.maven.apache.org/maven2/org/apiguardian/apiguardian-api/1.1.0/apiguardian-api-1.1.0.pom
2025-05-02 16:58:24,279 [Worker-38: reload maven project] INFO  o.e.m.c.i.e.AbstractTransferListenerAdapter - Downloaded https://repo.maven.apache.org/maven2/org/apiguardian/apiguardian-api/1.1.0/apiguardian-api-1.1.0.pom
2025-05-02 16:58:24,295 [Worker-38: reload maven project] INFO  o.e.m.c.i.e.AbstractTransferListenerAdapter - Downloading https://repo.maven.apache.org/maven2/org/opentest4j/opentest4j/1.2.0/opentest4j-1.2.0.pom
2025-05-02 16:58:24,299 [Worker-38: reload maven project] INFO  o.e.m.c.i.e.AbstractTransferListenerAdapter - Downloaded https://repo.maven.apache.org/maven2/org/opentest4j/opentest4j/1.2.0/opentest4j-1.2.0.pom
2025-05-02 16:58:24,316 [Worker-38: reload maven project] INFO  o.e.m.c.i.e.AbstractTransferListenerAdapter - Downloading https://repo.maven.apache.org/maven2/org/junit/platform/junit-platform-commons/1.7.2/junit-platform-commons-1.7.2.pom
2025-05-02 16:58:24,323 [Worker-38: reload maven project] INFO  o.e.m.c.i.e.AbstractTransferListenerAdapter - Downloaded https://repo.maven.apache.org/maven2/org/junit/platform/junit-platform-commons/1.7.2/junit-platform-commons-1.7.2.pom
2025-05-02 16:58:24,341 [Worker-38: reload maven project] INFO  o.e.m.c.i.e.AbstractTransferListenerAdapter - Downloading https://repo.maven.apache.org/maven2/org/junit/vintage/junit-vintage-engine/5.7.2/junit-vintage-engine-5.7.2.pom
2025-05-02 16:58:24,346 [Worker-38: reload maven project] INFO  o.e.m.c.i.e.AbstractTransferListenerAdapter - Downloaded https://repo.maven.apache.org/maven2/org/junit/vintage/junit-vintage-engine/5.7.2/junit-vintage-engine-5.7.2.pom
2025-05-02 16:58:24,365 [Worker-38: reload maven project] INFO  o.e.m.c.i.e.AbstractTransferListenerAdapter - Downloading https://repo.maven.apache.org/maven2/org/junit/platform/junit-platform-engine/1.7.2/junit-platform-engine-1.7.2.pom
2025-05-02 16:58:24,369 [Worker-38: reload maven project] INFO  o.e.m.c.i.e.AbstractTransferListenerAdapter - Downloaded https://repo.maven.apache.org/maven2/org/junit/platform/junit-platform-engine/1.7.2/junit-platform-engine-1.7.2.pom
2025-05-02 16:58:24,389 [Worker-38: reload maven project] INFO  o.e.m.c.i.e.AbstractTransferListenerAdapter - Downloading https://repo.maven.apache.org/maven2/junit/junit/4.13/junit-4.13.pom
2025-05-02 16:58:24,398 [Worker-38: reload maven project] INFO  o.e.m.c.i.e.AbstractTransferListenerAdapter - Downloaded https://repo.maven.apache.org/maven2/junit/junit/4.13/junit-4.13.pom
2025-05-02 16:58:24,514 [Worker-38: reload maven project] INFO  o.e.m.c.i.e.AbstractTransferListenerAdapter - Downloading https://repo.maven.apache.org/maven2/org/junit/jupiter/junit-jupiter-api/5.7.2/junit-jupiter-api-5.7.2.jar
2025-05-02 16:58:24,542 [Worker-38: reload maven project] INFO  o.e.m.c.i.e.AbstractTransferListenerAdapter - Downloaded https://repo.maven.apache.org/maven2/org/junit/jupiter/junit-jupiter-api/5.7.2/junit-jupiter-api-5.7.2.jar
2025-05-02 16:58:24,546 [Worker-39: Building] INFO  o.e.m.c.i.l.LifecycleMappingFactory - Using org.maven.ide.eclipse.wtp.WarLifecycleMapping lifecycle mapping for MavenProject: com.hexaware.cars:cars:0.0.1-SNAPSHOT @ C:\javatraining\crime\cars\pom.xml.
2025-05-02 16:58:24,557 [BasicRepositoryConnector-repo.maven.apache.org-1-2] INFO  o.e.m.c.i.e.AbstractTransferListenerAdapter - Downloading https://repo.maven.apache.org/maven2/org/junit/platform/junit-platform-commons/1.7.2/junit-platform-commons-1.7.2.jar
2025-05-02 16:58:24,562 [BasicRepositoryConnector-repo.maven.apache.org-1-2] INFO  o.e.m.c.i.e.AbstractTransferListenerAdapter - Downloaded https://repo.maven.apache.org/maven2/org/junit/platform/junit-platform-commons/1.7.2/junit-platform-commons-1.7.2.jar
2025-05-02 16:58:24,575 [BasicRepositoryConnector-repo.maven.apache.org-1-2] INFO  o.e.m.c.i.e.AbstractTransferListenerAdapter - Downloading https://repo.maven.apache.org/maven2/junit/junit/4.13/junit-4.13.jar
2025-05-02 16:58:24,590 [BasicRepositoryConnector-repo.maven.apache.org-1-4] INFO  o.e.m.c.i.e.AbstractTransferListenerAdapter - Downloading https://repo.maven.apache.org/maven2/org/junit/platform/junit-platform-engine/1.7.2/junit-platform-engine-1.7.2.jar
2025-05-02 16:58:24,590 [BasicRepositoryConnector-repo.maven.apache.org-1-0] INFO  o.e.m.c.i.e.AbstractTransferListenerAdapter - Downloading https://repo.maven.apache.org/maven2/org/apiguardian/apiguardian-api/1.1.0/apiguardian-api-1.1.0.jar
2025-05-02 16:58:24,590 [BasicRepositoryConnector-repo.maven.apache.org-1-1] INFO  o.e.m.c.i.e.AbstractTransferListenerAdapter - Downloading https://repo.maven.apache.org/maven2/org/opentest4j/opentest4j/1.2.0/opentest4j-1.2.0.jar
2025-05-02 16:58:24,591 [BasicRepositoryConnector-repo.maven.apache.org-1-3] INFO  o.e.m.c.i.e.AbstractTransferListenerAdapter - Downloading https://repo.maven.apache.org/maven2/org/junit/vintage/junit-vintage-engine/5.7.2/junit-vintage-engine-5.7.2.jar
2025-05-02 16:58:24,594 [BasicRepositoryConnector-repo.maven.apache.org-1-0] INFO  o.e.m.c.i.e.AbstractTransferListenerAdapter - Downloaded https://repo.maven.apache.org/maven2/org/apiguardian/apiguardian-api/1.1.0/apiguardian-api-1.1.0.jar
2025-05-02 16:58:24,597 [BasicRepositoryConnector-repo.maven.apache.org-1-1] INFO  o.e.m.c.i.e.AbstractTransferListenerAdapter - Downloaded https://repo.maven.apache.org/maven2/org/opentest4j/opentest4j/1.2.0/opentest4j-1.2.0.jar
2025-05-02 16:58:24,599 [BasicRepositoryConnector-repo.maven.apache.org-1-2] INFO  o.e.m.c.i.e.AbstractTransferListenerAdapter - Downloaded https://repo.maven.apache.org/maven2/junit/junit/4.13/junit-4.13.jar
2025-05-02 16:58:24,611 [BasicRepositoryConnector-repo.maven.apache.org-1-3] INFO  o.e.m.c.i.e.AbstractTransferListenerAdapter - Downloaded https://repo.maven.apache.org/maven2/org/junit/vintage/junit-vintage-engine/5.7.2/junit-vintage-engine-5.7.2.jar
2025-05-02 16:58:24,626 [BasicRepositoryConnector-repo.maven.apache.org-1-4] INFO  o.e.m.c.i.e.AbstractTransferListenerAdapter - Downloaded https://repo.maven.apache.org/maven2/org/junit/platform/junit-platform-engine/1.7.2/junit-platform-engine-1.7.2.jar
2025-05-02 16:58:25,386 [Worker-39: Building] INFO  o.a.m.s.f.DefaultMavenResourcesFiltering - Copying 0 resource from src\main\resources to target\classes
2025-05-02 16:58:25,389 [Worker-39: Building] INFO  o.a.m.s.f.DefaultMavenResourcesFiltering - skip non existing resourceDirectory C:\javatraining\crime\cars\src\test\resources
2025-05-02 16:58:25,390 [Worker-39: Building] INFO  o.e.m.w.i.f.ResourceFilteringBuildParticipant - Changed resources require a complete clean of filtered resources of cars
2025-05-02 16:58:25,390 [Worker-39: Building] INFO  o.e.m.w.i.f.ResourceFilteringBuildParticipant - Executing resource filtering for cars
2025-05-02 16:58:26,329 [Worker-38: Download sources and javadoc] INFO  o.e.m.c.i.e.AbstractTransferListenerAdapter - Downloading https://repo.maven.apache.org/maven2/org/junit/jupiter/junit-jupiter-api/5.7.2/junit-jupiter-api-5.7.2-sources.jar
2025-05-02 16:58:26,349 [Worker-38: Download sources and javadoc] INFO  o.e.m.c.i.e.AbstractTransferListenerAdapter - Downloaded https://repo.maven.apache.org/maven2/org/junit/jupiter/junit-jupiter-api/5.7.2/junit-jupiter-api-5.7.2-sources.jar
2025-05-02 16:58:26,353 [Worker-38: Download sources and javadoc] INFO  o.e.m.j.internal.DownloadSourcesJob - Downloaded sources for org.junit.jupiter:junit-jupiter-api:5.7.2
2025-05-02 16:58:26,408 [Worker-38: Download sources and javadoc] INFO  o.e.m.c.i.e.AbstractTransferListenerAdapter - Downloading https://repo.maven.apache.org/maven2/org/apiguardian/apiguardian-api/1.1.0/apiguardian-api-1.1.0-sources.jar
2025-05-02 16:58:26,412 [Worker-38: Download sources and javadoc] INFO  o.e.m.c.i.e.AbstractTransferListenerAdapter - Downloaded https://repo.maven.apache.org/maven2/org/apiguardian/apiguardian-api/1.1.0/apiguardian-api-1.1.0-sources.jar
2025-05-02 16:58:26,416 [Worker-38: Download sources and javadoc] INFO  o.e.m.j.internal.DownloadSourcesJob - Downloaded sources for org.apiguardian:apiguardian-api:1.1.0
2025-05-02 16:58:26,457 [Worker-38: Download sources and javadoc] INFO  o.e.m.c.i.e.AbstractTransferListenerAdapter - Downloading https://repo.maven.apache.org/maven2/org/opentest4j/opentest4j/1.2.0/opentest4j-1.2.0-sources.jar
2025-05-02 16:58:26,461 [Worker-38: Download sources and javadoc] INFO  o.e.m.c.i.e.AbstractTransferListenerAdapter - Downloaded https://repo.maven.apache.org/maven2/org/opentest4j/opentest4j/1.2.0/opentest4j-1.2.0-sources.jar
2025-05-02 16:58:26,469 [Worker-38: Download sources and javadoc] INFO  o.e.m.j.internal.DownloadSourcesJob - Downloaded sources for org.opentest4j:opentest4j:1.2.0
2025-05-02 16:58:26,504 [Worker-38: Download sources and javadoc] INFO  o.e.m.c.i.e.AbstractTransferListenerAdapter - Downloading https://repo.maven.apache.org/maven2/org/junit/platform/junit-platform-commons/1.7.2/junit-platform-commons-1.7.2-sources.jar
2025-05-02 16:58:26,519 [Worker-38: Download sources and javadoc] INFO  o.e.m.c.i.e.AbstractTransferListenerAdapter - Downloaded https://repo.maven.apache.org/maven2/org/junit/platform/junit-platform-commons/1.7.2/junit-platform-commons-1.7.2-sources.jar
2025-05-02 16:58:26,522 [Worker-38: Download sources and javadoc] INFO  o.e.m.j.internal.DownloadSourcesJob - Downloaded sources for org.junit.platform:junit-platform-commons:1.7.2
2025-05-02 16:58:26,562 [Worker-38: Download sources and javadoc] INFO  o.e.m.c.i.e.AbstractTransferListenerAdapter - Downloading https://repo.maven.apache.org/maven2/org/junit/vintage/junit-vintage-engine/5.7.2/junit-vintage-engine-5.7.2-sources.jar
2025-05-02 16:58:26,571 [Worker-38: Download sources and javadoc] INFO  o.e.m.c.i.e.AbstractTransferListenerAdapter - Downloaded https://repo.maven.apache.org/maven2/org/junit/vintage/junit-vintage-engine/5.7.2/junit-vintage-engine-5.7.2-sources.jar
2025-05-02 16:58:26,578 [Worker-38: Download sources and javadoc] INFO  o.e.m.j.internal.DownloadSourcesJob - Downloaded sources for org.junit.vintage:junit-vintage-engine:5.7.2
2025-05-02 16:58:26,633 [Worker-38: Download sources and javadoc] INFO  o.e.m.c.i.e.AbstractTransferListenerAdapter - Downloading https://repo.maven.apache.org/maven2/org/junit/platform/junit-platform-engine/1.7.2/junit-platform-engine-1.7.2-sources.jar
2025-05-02 16:58:26,655 [Worker-38: Download sources and javadoc] INFO  o.e.m.c.i.e.AbstractTransferListenerAdapter - Downloaded https://repo.maven.apache.org/maven2/org/junit/platform/junit-platform-engine/1.7.2/junit-platform-engine-1.7.2-sources.jar
2025-05-02 16:58:26,659 [Worker-38: Download sources and javadoc] INFO  o.e.m.j.internal.DownloadSourcesJob - Downloaded sources for org.junit.platform:junit-platform-engine:1.7.2
2025-05-02 16:58:26,699 [Worker-38: Download sources and javadoc] INFO  o.e.m.c.i.e.AbstractTransferListenerAdapter - Downloading https://repo.maven.apache.org/maven2/junit/junit/4.13/junit-4.13-sources.jar
2025-05-02 16:58:26,722 [Worker-38: Download sources and javadoc] INFO  o.e.m.c.i.e.AbstractTransferListenerAdapter - Downloaded https://repo.maven.apache.org/maven2/junit/junit/4.13/junit-4.13-sources.jar
2025-05-02 16:58:26,728 [Worker-38: Download sources and javadoc] INFO  o.e.m.j.internal.DownloadSourcesJob - Downloaded sources for junit:junit:4.13
2025-05-03 16:27:16,833 [Worker-46: Building] INFO  o.a.m.s.f.DefaultMavenResourcesFiltering - Copying 1 resource from src\main\resources to target\classes
2025-05-03 16:27:16,840 [Worker-46: Building] INFO  o.a.m.s.f.DefaultMavenResourcesFiltering - skip non existing resourceDirectory C:\javatraining\crime\cars\src\test\resources
2025-05-03 16:27:45,519 [Worker-42: Building] INFO  o.a.m.s.f.DefaultMavenResourcesFiltering - Copying 1 resource from src\main\resources to target\classes
2025-05-03 16:27:45,519 [Worker-42: Building] INFO  o.a.m.s.f.DefaultMavenResourcesFiltering - skip non existing resourceDirectory C:\javatraining\crime\cars\src\test\resources
2025-05-03 16:28:09,812 [Worker-43: Building] INFO  o.a.m.s.f.DefaultMavenResourcesFiltering - Copying 1 resource from src\main\resources to target\classes
2025-05-03 16:28:09,819 [Worker-43: Building] INFO  o.a.m.s.f.DefaultMavenResourcesFiltering - skip non existing resourceDirectory C:\javatraining\crime\cars\src\test\resources
2025-05-03 16:28:27,767 [Worker-47: Building] INFO  o.a.m.s.f.DefaultMavenResourcesFiltering - Copying 1 resource from src\main\resources to target\classes
2025-05-03 16:28:27,767 [Worker-47: Building] INFO  o.a.m.s.f.DefaultMavenResourcesFiltering - skip non existing resourceDirectory C:\javatraining\crime\cars\src\test\resources
2025-05-03 16:28:47,296 [Worker-45: Building] INFO  o.a.m.s.f.DefaultMavenResourcesFiltering - Copying 1 resource from src\main\resources to target\classes
2025-05-03 16:28:47,301 [Worker-45: Building] INFO  o.a.m.s.f.DefaultMavenResourcesFiltering - skip non existing resourceDirectory C:\javatraining\crime\cars\src\test\resources
2025-05-03 16:29:10,592 [Worker-42: Building] INFO  o.a.m.s.f.DefaultMavenResourcesFiltering - Copying 1 resource from src\main\resources to target\classes
2025-05-03 16:29:10,592 [Worker-42: Building] INFO  o.a.m.s.f.DefaultMavenResourcesFiltering - skip non existing resourceDirectory C:\javatraining\crime\cars\src\test\resources
2025-05-03 16:29:28,476 [Worker-46: Building] INFO  o.a.m.s.f.DefaultMavenResourcesFiltering - Copying 1 resource from src\main\resources to target\classes
2025-05-03 16:29:28,480 [Worker-46: Building] INFO  o.a.m.s.f.DefaultMavenResourcesFiltering - skip non existing resourceDirectory C:\javatraining\crime\cars\src\test\resources
2025-05-03 16:30:09,626 [Worker-43: Building] INFO  o.a.m.s.f.DefaultMavenResourcesFiltering - Copying 1 resource from src\main\resources to target\classes
2025-05-03 16:30:09,629 [Worker-43: Building] INFO  o.a.m.s.f.DefaultMavenResourcesFiltering - skip non existing resourceDirectory C:\javatraining\crime\cars\src\test\resources
2025-05-03 16:30:33,990 [Worker-43: Building] INFO  o.a.m.s.f.DefaultMavenResourcesFiltering - Copying 1 resource from src\main\resources to target\classes
2025-05-03 16:30:33,998 [Worker-43: Building] INFO  o.a.m.s.f.DefaultMavenResourcesFiltering - skip non existing resourceDirectory C:\javatraining\crime\cars\src\test\resources
2025-05-03 16:30:55,120 [Worker-45: Building] INFO  o.a.m.s.f.DefaultMavenResourcesFiltering - Copying 1 resource from src\main\resources to target\classes
2025-05-03 16:30:55,122 [Worker-45: Building] INFO  o.a.m.s.f.DefaultMavenResourcesFiltering - skip non existing resourceDirectory C:\javatraining\crime\cars\src\test\resources
2025-05-03 16:31:15,135 [Worker-42: Building] INFO  o.a.m.s.f.DefaultMavenResourcesFiltering - Copying 1 resource from src\main\resources to target\classes
2025-05-03 16:31:15,138 [Worker-42: Building] INFO  o.a.m.s.f.DefaultMavenResourcesFiltering - skip non existing resourceDirectory C:\javatraining\crime\cars\src\test\resources
2025-05-03 16:31:31,124 [Worker-45: Building] INFO  o.a.m.s.f.DefaultMavenResourcesFiltering - Copying 1 resource from src\main\resources to target\classes
2025-05-03 16:31:31,126 [Worker-45: Building] INFO  o.a.m.s.f.DefaultMavenResourcesFiltering - skip non existing resourceDirectory C:\javatraining\crime\cars\src\test\resources
2025-05-03 16:31:51,865 [Worker-42: Building] INFO  o.a.m.s.f.DefaultMavenResourcesFiltering - Copying 1 resource from src\main\resources to target\classes
2025-05-03 16:31:51,869 [Worker-42: Building] INFO  o.a.m.s.f.DefaultMavenResourcesFiltering - skip non existing resourceDirectory C:\javatraining\crime\cars\src\test\resources
2025-05-03 16:34:41,524 [Worker-48: Building] INFO  o.a.m.s.f.DefaultMavenResourcesFiltering - Copying 1 resource from src\main\resources to target\classes
2025-05-03 16:34:41,526 [Worker-48: Building] INFO  o.a.m.s.f.DefaultMavenResourcesFiltering - skip non existing resourceDirectory C:\javatraining\crime\cars\src\test\resources
2025-05-03 16:48:10,466 [Worker-51: Building] INFO  o.a.m.s.f.DefaultMavenResourcesFiltering - Copying 1 resource from src\main\resources to target\classes
2025-05-03 16:48:10,468 [Worker-51: Building] INFO  o.a.m.s.f.DefaultMavenResourcesFiltering - skip non existing resourceDirectory C:\javatraining\crime\cars\src\test\resources
2025-05-03 16:48:39,890 [Worker-51: Building] INFO  o.a.m.s.f.DefaultMavenResourcesFiltering - Copying 1 resource from src\main\resources to target\classes
2025-05-03 16:48:39,894 [Worker-51: Building] INFO  o.a.m.s.f.DefaultMavenResourcesFiltering - skip non existing resourceDirectory C:\javatraining\crime\cars\src\test\resources
2025-05-03 16:58:02,526 [Worker-55: Building] INFO  o.a.m.s.f.DefaultMavenResourcesFiltering - Copying 1 resource from src\main\resources to target\classes
2025-05-03 16:58:02,529 [Worker-55: Building] INFO  o.a.m.s.f.DefaultMavenResourcesFiltering - skip non existing resourceDirectory C:\javatraining\crime\cars\src\test\resources
2025-05-03 18:43:59,522 [Worker-64: Building] INFO  o.a.m.s.f.DefaultMavenResourcesFiltering - Copying 1 resource from src\main\resources to target\classes
2025-05-03 18:43:59,524 [Worker-64: Building] INFO  o.a.m.s.f.DefaultMavenResourcesFiltering - skip non existing resourceDirectory C:\javatraining\crime\cars\src\test\resources
2025-05-03 18:48:03,098 [Worker-69: Building] INFO  o.a.m.s.f.DefaultMavenResourcesFiltering - Copying 1 resource from src\main\resources to target\classes
2025-05-03 18:48:03,101 [Worker-69: Building] INFO  o.a.m.s.f.DefaultMavenResourcesFiltering - skip non existing resourceDirectory C:\javatraining\crime\cars\src\test\resources
2025-05-03 18:49:41,261 [Worker-64: Building] INFO  o.a.m.s.f.DefaultMavenResourcesFiltering - Copying 1 resource from src\main\resources to target\classes
2025-05-03 18:49:41,265 [Worker-64: Building] INFO  o.a.m.s.f.DefaultMavenResourcesFiltering - skip non existing resourceDirectory C:\javatraining\crime\cars\src\test\resources
2025-05-03 18:50:22,172 [Worker-71: Building] INFO  o.a.m.s.f.DefaultMavenResourcesFiltering - Copying 1 resource from src\main\resources to target\classes
2025-05-03 18:50:22,174 [Worker-71: Building] INFO  o.a.m.s.f.DefaultMavenResourcesFiltering - skip non existing resourceDirectory C:\javatraining\crime\cars\src\test\resources
2025-05-03 18:53:25,495 [Worker-57: Building] INFO  o.a.m.s.f.DefaultMavenResourcesFiltering - Copying 1 resource from src\main\resources to target\classes
2025-05-03 18:53:25,497 [Worker-57: Building] INFO  o.a.m.s.f.DefaultMavenResourcesFiltering - skip non existing resourceDirectory C:\javatraining\crime\cars\src\test\resources
2025-05-03 18:54:34,363 [Worker-74: Building] INFO  o.a.m.s.f.DefaultMavenResourcesFiltering - Copying 1 resource from src\main\resources to target\classes
2025-05-03 18:54:34,365 [Worker-74: Building] INFO  o.a.m.s.f.DefaultMavenResourcesFiltering - skip non existing resourceDirectory C:\javatraining\crime\cars\src\test\resources
2025-05-03 18:59:54,200 [Worker-75: Building] INFO  o.a.m.s.f.DefaultMavenResourcesFiltering - Copying 1 resource from src\main\resources to target\classes
2025-05-03 18:59:54,202 [Worker-75: Building] INFO  o.a.m.s.f.DefaultMavenResourcesFiltering - skip non existing resourceDirectory C:\javatraining\crime\cars\src\test\resources
2025-05-03 19:12:14,951 [Worker-83: Building] INFO  o.a.m.s.f.DefaultMavenResourcesFiltering - Copying 1 resource from src\main\resources to target\classes
2025-05-03 19:12:14,954 [Worker-83: Building] INFO  o.a.m.s.f.DefaultMavenResourcesFiltering - skip non existing resourceDirectory C:\javatraining\crime\cars\src\test\resources
2025-05-03 19:12:25,369 [Worker-82: Building] INFO  o.a.m.s.f.DefaultMavenResourcesFiltering - Copying 1 resource from src\main\resources to target\classes
2025-05-03 19:12:25,371 [Worker-82: Building] INFO  o.a.m.s.f.DefaultMavenResourcesFiltering - skip non existing resourceDirectory C:\javatraining\crime\cars\src\test\resources
2025-05-03 19:23:59,692 [Worker-87: Building] INFO  o.a.m.s.f.DefaultMavenResourcesFiltering - Copying 1 resource from src\main\resources to target\classes
2025-05-03 19:23:59,695 [Worker-87: Building] INFO  o.a.m.s.f.DefaultMavenResourcesFiltering - skip non existing resourceDirectory C:\javatraining\crime\cars\src\test\resources
2025-05-03 19:29:37,289 [Worker-89: Building] INFO  o.a.m.s.f.DefaultMavenResourcesFiltering - Copying 1 resource from src\main\resources to target\classes
2025-05-03 19:29:37,291 [Worker-89: Building] INFO  o.a.m.s.f.DefaultMavenResourcesFiltering - skip non existing resourceDirectory C:\javatraining\crime\cars\src\test\resources
2025-05-03 19:29:44,859 [Worker-88: Building] INFO  o.a.m.s.f.DefaultMavenResourcesFiltering - Copying 1 resource from src\main\resources to target\classes
2025-05-03 19:29:44,862 [Worker-88: Building] INFO  o.a.m.s.f.DefaultMavenResourcesFiltering - skip non existing resourceDirectory C:\javatraining\crime\cars\src\test\resources
2025-05-03 19:29:49,288 [Worker-89: Building] INFO  o.a.m.s.f.DefaultMavenResourcesFiltering - Copying 1 resource from src\main\resources to target\classes
2025-05-03 19:29:49,290 [Worker-89: Building] INFO  o.a.m.s.f.DefaultMavenResourcesFiltering - skip non existing resourceDirectory C:\javatraining\crime\cars\src\test\resources
2025-05-03 19:30:40,725 [Worker-88: Building] INFO  o.a.m.s.f.DefaultMavenResourcesFiltering - Copying 1 resource from src\main\resources to target\classes
2025-05-03 19:30:40,727 [Worker-88: Building] INFO  o.a.m.s.f.DefaultMavenResourcesFiltering - skip non existing resourceDirectory C:\javatraining\crime\cars\src\test\resources
2025-05-03 19:32:27,434 [Worker-92: Building] INFO  o.a.m.s.f.DefaultMavenResourcesFiltering - Copying 1 resource from src\main\resources to target\classes
2025-05-03 19:32:27,437 [Worker-92: Building] INFO  o.a.m.s.f.DefaultMavenResourcesFiltering - skip non existing resourceDirectory C:\javatraining\crime\cars\src\test\resources
2025-05-03 19:35:42,070 [Worker-95: Building] INFO  o.a.m.s.f.DefaultMavenResourcesFiltering - Copying 1 resource from src\main\resources to target\classes
2025-05-03 19:35:42,086 [Worker-95: Building] INFO  o.a.m.s.f.DefaultMavenResourcesFiltering - skip non existing resourceDirectory C:\javatraining\crime\cars\src\test\resources
2025-05-03 19:37:04,444 [Worker-96: Building] INFO  o.a.m.s.f.DefaultMavenResourcesFiltering - Copying 1 resource from src\main\resources to target\classes
2025-05-03 19:37:04,445 [Worker-96: Building] INFO  o.a.m.s.f.DefaultMavenResourcesFiltering - skip non existing resourceDirectory C:\javatraining\crime\cars\src\test\resources
2025-05-03 19:40:12,263 [Worker-97: Building] INFO  o.a.m.s.f.DefaultMavenResourcesFiltering - Copying 1 resource from src\main\resources to target\classes
2025-05-03 19:40:12,266 [Worker-97: Building] INFO  o.a.m.s.f.DefaultMavenResourcesFiltering - skip non existing resourceDirectory C:\javatraining\crime\cars\src\test\resources
2025-05-03 22:47:17,150 [Worker-0: Loading available Gradle versions] INFO  o.e.b.c.i.u.g.PublishedGradleVersions - Gradle version information cache is out-of-date. Trying to update.
2025-05-05 09:05:39,674 [Worker-2: Loading available Gradle versions] INFO  o.e.b.c.i.u.g.PublishedGradleVersions - Gradle version information cache is out-of-date. Trying to update.
2025-05-05 09:18:38,240 [Worker-9: Loading available Gradle versions] INFO  o.e.b.c.i.u.g.PublishedGradleVersions - Gradle version information cache is up-to-date. Trying to read.
2025-05-05 09:20:50,517 [Worker-24: Launching MainModule] INFO  o.a.m.s.f.DefaultMavenResourcesFiltering - Copying 1 resource from src\main\resources to target\classes
2025-05-05 09:20:50,527 [Worker-24: Launching MainModule] INFO  o.a.m.s.f.DefaultMavenResourcesFiltering - skip non existing resourceDirectory C:\javatraining\crime\cars\src\test\resources
2025-05-06 16:12:14,828 [Worker-2: Loading available Gradle versions] INFO  o.e.b.c.i.u.g.PublishedGradleVersions - Gradle version information cache is out-of-date. Trying to update.
2025-05-07 11:12:05,290 [Worker-3: Loading available Gradle versions] INFO  o.e.b.c.i.u.g.PublishedGradleVersions - Gradle version information cache is up-to-date. Trying to read.
2025-05-07 13:50:42,214 [Worker-2: Loading available Gradle versions] INFO  o.e.b.c.i.u.g.PublishedGradleVersions - Gradle version information cache is up-to-date. Trying to read.
